INFO:root:Executed R('load(\'../../instructor/assignments/hw4/hw4-tests.rda\')')
INFO:root:Executed R('library(plyr)')
INFO:root:Executed R('listLengths.r <- listLengths(test$listLengths)')
INFO:root:(3 points) R('all.equal(listLengths.r, sol$listLengths)')[0] is True
INFO:root:(1 points) R('all.equal(length(listLengths.r), length(sol$listLengths))')[0] is True
INFO:root:Executed R('powers.r <- powers(seq(1, 3, by = 1), 3)')
ERROR:root:(3 points) Checking R('all.equal(powers.r, sol$powers, check.attributes=F)')[0]
ERROR:root:... Expecting: True
ERROR:root:... But got:   current is not list-like
ERROR:root:(1 points) Checking R('all.equal(length(powers.r), length(sol$powers), check.attributes=F)')[0]
ERROR:root:... Expecting: True
ERROR:root:... But got:   Mean relative difference: 2
INFO:root:Executed R('recipe.r <- recipeConversion(test$recipe)')
INFO:root:(3 points) R('all.equal(recipe.r, sol$recipe, check.attributes=F, tolerance=1e-1)')[0] is True
INFO:root:Executed R('bootstrapVarEst.r <- bootstrapVarEst(test$bootstrapVarEst.x, test$bootstrapVarEst.B)')
INFO:root:(3 points) R('all.equal(bootstrapVarEst.r, sol$bootstrapVarEst, check.attributes=F, tolerance=1)')[0] is True
INFO:root:Executed R('jackknifeVarEst.r <- jackknifeVarEst(test$jackknifeVarEst.x)')
ERROR:root:(3 points) Checking R('all.equal(jackknifeVarEst.r, sol$jackknifeVarEst, check.attributes=F, tolerance=1e-1)')[0]
ERROR:root:... Expecting: True
ERROR:root:... But got:   Mean relative difference: 0.9989648
INFO:root:Executed R('samplingVarEst.r <- samplingVarEst(test$samplingVarEst.x, test$samplingVarEst.type)')
ERROR:root:(3 points) Checking R('all.equal(samplingVarEst.r, sol$samplingVarEst, check.attributes=F, tolerance=1e-1)')[0]
ERROR:root:... Expecting: True
ERROR:root:... But got:   Mean relative difference: 0.9990623
INFO:root:You got a 10 out of 20.
